Grammar

    0 $accept: Program $end

    1 Program: CLASS ID LBRACE Program2 RBRACE

    2 Program2: Program2 MethodDecl
    3         | Program2 FieldDecl
    4         | Program2 SEMICOLON
    5         | ε

    6 MethodDecl: PUBLIC STATIC MethodHeader MethodBody

    7 FieldDecl: PUBLIC STATIC Type ID FieldDecl2 SEMICOLON

    8 FieldDecl2: FieldDecl2 COMMA ID
    9           | ε

   10 Type: BOOL
   11     | INT
   12     | DOUBLE

   13 MethodHeader: Type ID LPAR FormalParams RPAR
   14             | Type ID LPAR RPAR
   15             | VOID ID LPAR FormalParams RPAR
   16             | VOID ID LPAR RPAR

   17 FormalParams: Type ID FormalParams2
   18             | STRING LSQ RSQ ID

   19 FormalParams2: COMMA Type ID FormalParams2
   20              | ε

   21 MethodBody: LBRACE MethodBody2 RBRACE

   22 MethodBody2: MethodBody2 Statement
   23            | MethodBody2 VarDecl
   24            | ε

   25 VarDecl: Type ID VarDecl2 SEMICOLON

   26 VarDecl2: VarDecl2 COMMA ID
   27         | ε

   28 Statement: LBRACE Statement RBRACE
   29          | IF LPAR Expr RPAR Statement ELSE Statement
   30          | IF LPAR Expr RPAR Statement
   31          | WHILE LPAR Expr RPAR Statement
   32          | RETURN Expr SEMICOLON
   33          | RETURN SEMICOLON
   34          | MethodInvocation SEMICOLON
   35          | Assignment SEMICOLON
   36          | ParseArgs SEMICOLON
   37          | SEMICOLON
   38          | PRINT LPAR Expr RPAR SEMICOLON
   39          | PRINT LPAR STRLIT RPAR SEMICOLON

   40 MethodInvocation: ID LPAR RPAR
   41                 | ID LPAR Expr MethodInvocation2 RPAR

   42 MethodInvocation2: MethodInvocation2 COMMA Expr
   43                  | ε

   44 Assignment: ID ASSIGN Expr

   45 ParseArgs: PARSEINT LPAR ID LSQ Expr RSQ RPAR

   46 Expr: Expr PLUS Expr
   47     | Expr MINUS Expr
   48     | Expr STAR Expr
   49     | Expr DIV Expr
   50     | Expr MOD Expr
   51     | Expr AND Expr
   52     | Expr OR Expr
   53     | Expr XOR Expr
   54     | Expr LSHIFT Expr
   55     | Expr RSHIFT Expr
   56     | Expr EQ Expr
   57     | Expr GE Expr
   58     | Expr GT Expr
   59     | Expr LE Expr
   60     | Expr LT Expr
   61     | Expr NE Expr
   62     | MINUS Expr
   63     | NOT Expr
   64     | PLUS Expr
   65     | LPAR Expr RPAR
   66     | MethodInvocation
   67     | Assignment
   68     | ParseArgs
   69     | ID DOTLENGTH
   70     | ID
   71     | INTLIT
   72     | REALLIT
   73     | BOOLLIT


Terminals, with rules where they appear

    $end (0) 0
    error (256)
    INTLIT (258) 71
    STRLIT (259) 39
    REALLIT (260) 72
    ID (261) 1 7 8 13 14 15 16 17 18 19 25 26 40 41 44 45 69 70
    IF (262) 29 30
    ELSE (263) 29
    WHILE (264) 31
    RETURN (265) 32 33
    BOOL (266) 10
    CLASS (267) 1
    DOUBLE (268) 12
    INT (269) 11
    PUBLIC (270) 6 7
    STATIC (271) 6 7
    STRING (272) 18
    VOID (273) 15 16
    EQ (274) 56
    GE (275) 57
    GT (276) 58
    LT (277) 60
    LE (278) 59
    NE (279) 61
    DOTLENGTH (280) 69
    PRINT (281) 38 39
    PARSEINT (282) 45
    BOOLLIT (283) 73
    AND (284) 51
    NOT (285) 63
    OR (286) 52
    XOR (287) 53
    MOD (288) 50
    DIV (289) 49
    STAR (290) 48
    MINUS (291) 47 62
    PLUS (292) 46 64
    ASSIGN (293) 44
    COMMA (294) 8 19 26 42
    LBRACE (295) 1 21 28
    LPAR (296) 13 14 15 16 29 30 31 38 39 40 41 45 65
    LSQ (297) 18 45
    RBRACE (298) 1 21 28
    RPAR (299) 13 14 15 16 29 30 31 38 39 40 41 45 65
    RSQ (300) 18 45
    SEMICOLON (301) 4 7 25 32 33 34 35 36 37 38 39
    LSHIFT (302) 54
    RSHIFT (303) 55


Nonterminals, with rules where they appear

    $accept (49)
        on left: 0
    Program (50)
        on left: 1
        on right: 0
    Program2 (51)
        on left: 2 3 4 5
        on right: 1 2 3 4
    MethodDecl (52)
        on left: 6
        on right: 2
    FieldDecl (53)
        on left: 7
        on right: 3
    FieldDecl2 (54)
        on left: 8 9
        on right: 7 8
    Type (55)
        on left: 10 11 12
        on right: 7 13 14 17 19 25
    MethodHeader (56)
        on left: 13 14 15 16
        on right: 6
    FormalParams (57)
        on left: 17 18
        on right: 13 15
    FormalParams2 (58)
        on left: 19 20
        on right: 17 19
    MethodBody (59)
        on left: 21
        on right: 6
    MethodBody2 (60)
        on left: 22 23 24
        on right: 21 22 23
    VarDecl (61)
        on left: 25
        on right: 23
    VarDecl2 (62)
        on left: 26 27
        on right: 25 26
    Statement (63)
        on left: 28 29 30 31 32 33 34 35 36 37 38 39
        on right: 22 28 29 30 31
    MethodInvocation (64)
        on left: 40 41
        on right: 34 66
    MethodInvocation2 (65)
        on left: 42 43
        on right: 41 42
    Assignment (66)
        on left: 44
        on right: 35 67
    ParseArgs (67)
        on left: 45
        on right: 36 68
    Expr (68)
        on left: 46 47 48 49 50 51 52 53 54 55 56 57 58 59 60 61 62 63 64 65 66 67 68 69 70 71 72 73
        on right: 29 30 31 32 38 41 42 44 45 46 47 48 49 50 51 52 53 54 55 56 57 58 59 60 61 62 63 64 65


State 0

    0 $accept: • Program $end

    CLASS  shift, and go to state 1

    Program  go to state 2


State 1

    1 Program: CLASS • ID LBRACE Program2 RBRACE

    ID  shift, and go to state 3


State 2

    0 $accept: Program • $end

    $end  shift, and go to state 4


State 3

    1 Program: CLASS ID • LBRACE Program2 RBRACE

    LBRACE  shift, and go to state 5


State 4

    0 $accept: Program $end •

    $default  accept


State 5

    1 Program: CLASS ID LBRACE • Program2 RBRACE

    $default  reduce using rule 5 (Program2)

    Program2  go to state 6


State 6

    1 Program: CLASS ID LBRACE Program2 • RBRACE
    2 Program2: Program2 • MethodDecl
    3         | Program2 • FieldDecl
    4         | Program2 • SEMICOLON

    PUBLIC     shift, and go to state 7
    RBRACE     shift, and go to state 8
    SEMICOLON  shift, and go to state 9

    MethodDecl  go to state 10
    FieldDecl   go to state 11


State 7

    6 MethodDecl: PUBLIC • STATIC MethodHeader MethodBody
    7 FieldDecl: PUBLIC • STATIC Type ID FieldDecl2 SEMICOLON

    STATIC  shift, and go to state 12


State 8

    1 Program: CLASS ID LBRACE Program2 RBRACE •

    $default  reduce using rule 1 (Program)


State 9

    4 Program2: Program2 SEMICOLON •

    $default  reduce using rule 4 (Program2)


State 10

    2 Program2: Program2 MethodDecl •

    $default  reduce using rule 2 (Program2)


State 11

    3 Program2: Program2 FieldDecl •

    $default  reduce using rule 3 (Program2)


State 12

    6 MethodDecl: PUBLIC STATIC • MethodHeader MethodBody
    7 FieldDecl: PUBLIC STATIC • Type ID FieldDecl2 SEMICOLON

    BOOL    shift, and go to state 13
    DOUBLE  shift, and go to state 14
    INT     shift, and go to state 15
    VOID    shift, and go to state 16

    Type          go to state 17
    MethodHeader  go to state 18


State 13

   10 Type: BOOL •

    $default  reduce using rule 10 (Type)


State 14

   12 Type: DOUBLE •

    $default  reduce using rule 12 (Type)


State 15

   11 Type: INT •

    $default  reduce using rule 11 (Type)


State 16

   15 MethodHeader: VOID • ID LPAR FormalParams RPAR
   16             | VOID • ID LPAR RPAR

    ID  shift, and go to state 19


State 17

    7 FieldDecl: PUBLIC STATIC Type • ID FieldDecl2 SEMICOLON
   13 MethodHeader: Type • ID LPAR FormalParams RPAR
   14             | Type • ID LPAR RPAR

    ID  shift, and go to state 20


State 18

    6 MethodDecl: PUBLIC STATIC MethodHeader • MethodBody

    LBRACE  shift, and go to state 21

    MethodBody  go to state 22


State 19

   15 MethodHeader: VOID ID • LPAR FormalParams RPAR
   16             | VOID ID • LPAR RPAR

    LPAR  shift, and go to state 23


State 20

    7 FieldDecl: PUBLIC STATIC Type ID • FieldDecl2 SEMICOLON
   13 MethodHeader: Type ID • LPAR FormalParams RPAR
   14             | Type ID • LPAR RPAR

    LPAR  shift, and go to state 24

    $default  reduce using rule 9 (FieldDecl2)

    FieldDecl2  go to state 25


State 21

   21 MethodBody: LBRACE • MethodBody2 RBRACE

    $default  reduce using rule 24 (MethodBody2)

    MethodBody2  go to state 26


State 22

    6 MethodDecl: PUBLIC STATIC MethodHeader MethodBody •

    $default  reduce using rule 6 (MethodDecl)


State 23

   15 MethodHeader: VOID ID LPAR • FormalParams RPAR
   16             | VOID ID LPAR • RPAR

    BOOL    shift, and go to state 13
    DOUBLE  shift, and go to state 14
    INT     shift, and go to state 15
    STRING  shift, and go to state 27
    RPAR    shift, and go to state 28

    Type          go to state 29
    FormalParams  go to state 30


State 24

   13 MethodHeader: Type ID LPAR • FormalParams RPAR
   14             | Type ID LPAR • RPAR

    BOOL    shift, and go to state 13
    DOUBLE  shift, and go to state 14
    INT     shift, and go to state 15
    STRING  shift, and go to state 27
    RPAR    shift, and go to state 31

    Type          go to state 29
    FormalParams  go to state 32


State 25

    7 FieldDecl: PUBLIC STATIC Type ID FieldDecl2 • SEMICOLON
    8 FieldDecl2: FieldDecl2 • COMMA ID

    COMMA      shift, and go to state 33
    SEMICOLON  shift, and go to state 34


State 26

   21 MethodBody: LBRACE MethodBody2 • RBRACE
   22 MethodBody2: MethodBody2 • Statement
   23            | MethodBody2 • VarDecl

    ID         shift, and go to state 35
    IF         shift, and go to state 36
    WHILE      shift, and go to state 37
    RETURN     shift, and go to state 38
    BOOL       shift, and go to state 13
    DOUBLE     shift, and go to state 14
    INT        shift, and go to state 15
    PRINT      shift, and go to state 39
    PARSEINT   shift, and go to state 40
    LBRACE     shift, and go to state 41
    RBRACE     shift, and go to state 42
    SEMICOLON  shift, and go to state 43

    Type              go to state 44
    VarDecl           go to state 45
    Statement         go to state 46
    MethodInvocation  go to state 47
    Assignment        go to state 48
    ParseArgs         go to state 49


State 27

   18 FormalParams: STRING • LSQ RSQ ID

    LSQ  shift, and go to state 50


State 28

   16 MethodHeader: VOID ID LPAR RPAR •

    $default  reduce using rule 16 (MethodHeader)


State 29

   17 FormalParams: Type • ID FormalParams2

    ID  shift, and go to state 51


State 30

   15 MethodHeader: VOID ID LPAR FormalParams • RPAR

    RPAR  shift, and go to state 52


State 31

   14 MethodHeader: Type ID LPAR RPAR •

    $default  reduce using rule 14 (MethodHeader)


State 32

   13 MethodHeader: Type ID LPAR FormalParams • RPAR

    RPAR  shift, and go to state 53


State 33

    8 FieldDecl2: FieldDecl2 COMMA • ID

    ID  shift, and go to state 54


State 34

    7 FieldDecl: PUBLIC STATIC Type ID FieldDecl2 SEMICOLON •

    $default  reduce using rule 7 (FieldDecl)


State 35

   40 MethodInvocation: ID • LPAR RPAR
   41                 | ID • LPAR Expr MethodInvocation2 RPAR
   44 Assignment: ID • ASSIGN Expr

    ASSIGN  shift, and go to state 55
    LPAR    shift, and go to state 56


State 36

   29 Statement: IF • LPAR Expr RPAR Statement ELSE Statement
   30          | IF • LPAR Expr RPAR Statement

    LPAR  shift, and go to state 57


State 37

   31 Statement: WHILE • LPAR Expr RPAR Statement

    LPAR  shift, and go to state 58


State 38

   32 Statement: RETURN • Expr SEMICOLON
   33          | RETURN • SEMICOLON

    INTLIT     shift, and go to state 59
    REALLIT    shift, and go to state 60
    ID         shift, and go to state 61
    PARSEINT   shift, and go to state 40
    BOOLLIT    shift, and go to state 62
    NOT        shift, and go to state 63
    MINUS      shift, and go to state 64
    PLUS       shift, and go to state 65
    LPAR       shift, and go to state 66
    SEMICOLON  shift, and go to state 67

    MethodInvocation  go to state 68
    Assignment        go to state 69
    ParseArgs         go to state 70
    Expr              go to state 71


State 39

   38 Statement: PRINT • LPAR Expr RPAR SEMICOLON
   39          | PRINT • LPAR STRLIT RPAR SEMICOLON

    LPAR  shift, and go to state 72


State 40

   45 ParseArgs: PARSEINT • LPAR ID LSQ Expr RSQ RPAR

    LPAR  shift, and go to state 73


State 41

   28 Statement: LBRACE • Statement RBRACE

    ID         shift, and go to state 35
    IF         shift, and go to state 36
    WHILE      shift, and go to state 37
    RETURN     shift, and go to state 38
    PRINT      shift, and go to state 39
    PARSEINT   shift, and go to state 40
    LBRACE     shift, and go to state 41
    SEMICOLON  shift, and go to state 43

    Statement         go to state 74
    MethodInvocation  go to state 47
    Assignment        go to state 48
    ParseArgs         go to state 49


State 42

   21 MethodBody: LBRACE MethodBody2 RBRACE •

    $default  reduce using rule 21 (MethodBody)


State 43

   37 Statement: SEMICOLON •

    $default  reduce using rule 37 (Statement)


State 44

   25 VarDecl: Type • ID VarDecl2 SEMICOLON

    ID  shift, and go to state 75


State 45

   23 MethodBody2: MethodBody2 VarDecl •

    $default  reduce using rule 23 (MethodBody2)


State 46

   22 MethodBody2: MethodBody2 Statement •

    $default  reduce using rule 22 (MethodBody2)


State 47

   34 Statement: MethodInvocation • SEMICOLON

    SEMICOLON  shift, and go to state 76


State 48

   35 Statement: Assignment • SEMICOLON

    SEMICOLON  shift, and go to state 77


State 49

   36 Statement: ParseArgs • SEMICOLON

    SEMICOLON  shift, and go to state 78


State 50

   18 FormalParams: STRING LSQ • RSQ ID

    RSQ  shift, and go to state 79


State 51

   17 FormalParams: Type ID • FormalParams2

    COMMA  shift, and go to state 80

    $default  reduce using rule 20 (FormalParams2)

    FormalParams2  go to state 81


State 52

   15 MethodHeader: VOID ID LPAR FormalParams RPAR •

    $default  reduce using rule 15 (MethodHeader)


State 53

   13 MethodHeader: Type ID LPAR FormalParams RPAR •

    $default  reduce using rule 13 (MethodHeader)


State 54

    8 FieldDecl2: FieldDecl2 COMMA ID •

    $default  reduce using rule 8 (FieldDecl2)


State 55

   44 Assignment: ID ASSIGN • Expr

    INTLIT    shift, and go to state 59
    REALLIT   shift, and go to state 60
    ID        shift, and go to state 61
    PARSEINT  shift, and go to state 40
    BOOLLIT   shift, and go to state 62
    NOT       shift, and go to state 63
    MINUS     shift, and go to state 64
    PLUS      shift, and go to state 65
    LPAR      shift, and go to state 66

    MethodInvocation  go to state 68
    Assignment        go to state 69
    ParseArgs         go to state 70
    Expr              go to state 82


State 56

   40 MethodInvocation: ID LPAR • RPAR
   41                 | ID LPAR • Expr MethodInvocation2 RPAR

    INTLIT    shift, and go to state 59
    REALLIT   shift, and go to state 60
    ID        shift, and go to state 61
    PARSEINT  shift, and go to state 40
    BOOLLIT   shift, and go to state 62
    NOT       shift, and go to state 63
    MINUS     shift, and go to state 64
    PLUS      shift, and go to state 65
    LPAR      shift, and go to state 66
    RPAR      shift, and go to state 83

    MethodInvocation  go to state 68
    Assignment        go to state 69
    ParseArgs         go to state 70
    Expr              go to state 84


State 57

   29 Statement: IF LPAR • Expr RPAR Statement ELSE Statement
   30          | IF LPAR • Expr RPAR Statement

    INTLIT    shift, and go to state 59
    REALLIT   shift, and go to state 60
    ID        shift, and go to state 61
    PARSEINT  shift, and go to state 40
    BOOLLIT   shift, and go to state 62
    NOT       shift, and go to state 63
    MINUS     shift, and go to state 64
    PLUS      shift, and go to state 65
    LPAR      shift, and go to state 66

    MethodInvocation  go to state 68
    Assignment        go to state 69
    ParseArgs         go to state 70
    Expr              go to state 85


State 58

   31 Statement: WHILE LPAR • Expr RPAR Statement

    INTLIT    shift, and go to state 59
    REALLIT   shift, and go to state 60
    ID        shift, and go to state 61
    PARSEINT  shift, and go to state 40
    BOOLLIT   shift, and go to state 62
    NOT       shift, and go to state 63
    MINUS     shift, and go to state 64
    PLUS      shift, and go to state 65
    LPAR      shift, and go to state 66

    MethodInvocation  go to state 68
    Assignment        go to state 69
    ParseArgs         go to state 70
    Expr              go to state 86


State 59

   71 Expr: INTLIT •

    $default  reduce using rule 71 (Expr)


State 60

   72 Expr: REALLIT •

    $default  reduce using rule 72 (Expr)


State 61

   40 MethodInvocation: ID • LPAR RPAR
   41                 | ID • LPAR Expr MethodInvocation2 RPAR
   44 Assignment: ID • ASSIGN Expr
   69 Expr: ID • DOTLENGTH
   70     | ID •

    DOTLENGTH  shift, and go to state 87
    ASSIGN     shift, and go to state 55
    LPAR       shift, and go to state 56

    $default  reduce using rule 70 (Expr)


State 62

   73 Expr: BOOLLIT •

    $default  reduce using rule 73 (Expr)


State 63

   63 Expr: NOT • Expr

    INTLIT    shift, and go to state 59
    REALLIT   shift, and go to state 60
    ID        shift, and go to state 61
    PARSEINT  shift, and go to state 40
    BOOLLIT   shift, and go to state 62
    NOT       shift, and go to state 63
    MINUS     shift, and go to state 64
    PLUS      shift, and go to state 65
    LPAR      shift, and go to state 66

    MethodInvocation  go to state 68
    Assignment        go to state 69
    ParseArgs         go to state 70
    Expr              go to state 88


State 64

   62 Expr: MINUS • Expr

    INTLIT    shift, and go to state 59
    REALLIT   shift, and go to state 60
    ID        shift, and go to state 61
    PARSEINT  shift, and go to state 40
    BOOLLIT   shift, and go to state 62
    NOT       shift, and go to state 63
    MINUS     shift, and go to state 64
    PLUS      shift, and go to state 65
    LPAR      shift, and go to state 66

    MethodInvocation  go to state 68
    Assignment        go to state 69
    ParseArgs         go to state 70
    Expr              go to state 89


State 65

   64 Expr: PLUS • Expr

    INTLIT    shift, and go to state 59
    REALLIT   shift, and go to state 60
    ID        shift, and go to state 61
    PARSEINT  shift, and go to state 40
    BOOLLIT   shift, and go to state 62
    NOT       shift, and go to state 63
    MINUS     shift, and go to state 64
    PLUS      shift, and go to state 65
    LPAR      shift, and go to state 66

    MethodInvocation  go to state 68
    Assignment        go to state 69
    ParseArgs         go to state 70
    Expr              go to state 90


State 66

   65 Expr: LPAR • Expr RPAR

    INTLIT    shift, and go to state 59
    REALLIT   shift, and go to state 60
    ID        shift, and go to state 61
    PARSEINT  shift, and go to state 40
    BOOLLIT   shift, and go to state 62
    NOT       shift, and go to state 63
    MINUS     shift, and go to state 64
    PLUS      shift, and go to state 65
    LPAR      shift, and go to state 66

    MethodInvocation  go to state 68
    Assignment        go to state 69
    ParseArgs         go to state 70
    Expr              go to state 91


State 67

   33 Statement: RETURN SEMICOLON •

    $default  reduce using rule 33 (Statement)


State 68

   66 Expr: MethodInvocation •

    $default  reduce using rule 66 (Expr)


State 69

   67 Expr: Assignment •

    $default  reduce using rule 67 (Expr)


State 70

   68 Expr: ParseArgs •

    $default  reduce using rule 68 (Expr)


State 71

   32 Statement: RETURN Expr • SEMICOLON
   46 Expr: Expr • PLUS Expr
   47     | Expr • MINUS Expr
   48     | Expr • STAR Expr
   49     | Expr • DIV Expr
   50     | Expr • MOD Expr
   51     | Expr • AND Expr
   52     | Expr • OR Expr
   53     | Expr • XOR Expr
   54     | Expr • LSHIFT Expr
   55     | Expr • RSHIFT Expr
   56     | Expr • EQ Expr
   57     | Expr • GE Expr
   58     | Expr • GT Expr
   59     | Expr • LE Expr
   60     | Expr • LT Expr
   61     | Expr • NE Expr

    EQ         shift, and go to state 92
    GE         shift, and go to state 93
    GT         shift, and go to state 94
    LT         shift, and go to state 95
    LE         shift, and go to state 96
    NE         shift, and go to state 97
    AND        shift, and go to state 98
    OR         shift, and go to state 99
    XOR        shift, and go to state 100
    MOD        shift, and go to state 101
    DIV        shift, and go to state 102
    STAR       shift, and go to state 103
    MINUS      shift, and go to state 104
    PLUS       shift, and go to state 105
    SEMICOLON  shift, and go to state 106
    LSHIFT     shift, and go to state 107
    RSHIFT     shift, and go to state 108


State 72

   38 Statement: PRINT LPAR • Expr RPAR SEMICOLON
   39          | PRINT LPAR • STRLIT RPAR SEMICOLON

    INTLIT    shift, and go to state 59
    STRLIT    shift, and go to state 109
    REALLIT   shift, and go to state 60
    ID        shift, and go to state 61
    PARSEINT  shift, and go to state 40
    BOOLLIT   shift, and go to state 62
    NOT       shift, and go to state 63
    MINUS     shift, and go to state 64
    PLUS      shift, and go to state 65
    LPAR      shift, and go to state 66

    MethodInvocation  go to state 68
    Assignment        go to state 69
    ParseArgs         go to state 70
    Expr              go to state 110


State 73

   45 ParseArgs: PARSEINT LPAR • ID LSQ Expr RSQ RPAR

    ID  shift, and go to state 111


State 74

   28 Statement: LBRACE Statement • RBRACE

    RBRACE  shift, and go to state 112


State 75

   25 VarDecl: Type ID • VarDecl2 SEMICOLON

    $default  reduce using rule 27 (VarDecl2)

    VarDecl2  go to state 113


State 76

   34 Statement: MethodInvocation SEMICOLON •

    $default  reduce using rule 34 (Statement)


State 77

   35 Statement: Assignment SEMICOLON •

    $default  reduce using rule 35 (Statement)


State 78

   36 Statement: ParseArgs SEMICOLON •

    $default  reduce using rule 36 (Statement)


State 79

   18 FormalParams: STRING LSQ RSQ • ID

    ID  shift, and go to state 114


State 80

   19 FormalParams2: COMMA • Type ID FormalParams2

    BOOL    shift, and go to state 13
    DOUBLE  shift, and go to state 14
    INT     shift, and go to state 15

    Type  go to state 115


State 81

   17 FormalParams: Type ID FormalParams2 •

    $default  reduce using rule 17 (FormalParams)


State 82

   44 Assignment: ID ASSIGN Expr •
   46 Expr: Expr • PLUS Expr
   47     | Expr • MINUS Expr
   48     | Expr • STAR Expr
   49     | Expr • DIV Expr
   50     | Expr • MOD Expr
   51     | Expr • AND Expr
   52     | Expr • OR Expr
   53     | Expr • XOR Expr
   54     | Expr • LSHIFT Expr
   55     | Expr • RSHIFT Expr
   56     | Expr • EQ Expr
   57     | Expr • GE Expr
   58     | Expr • GT Expr
   59     | Expr • LE Expr
   60     | Expr • LT Expr
   61     | Expr • NE Expr

    EQ      shift, and go to state 92
    GE      shift, and go to state 93
    GT      shift, and go to state 94
    LT      shift, and go to state 95
    LE      shift, and go to state 96
    NE      shift, and go to state 97
    AND     shift, and go to state 98
    OR      shift, and go to state 99
    XOR     shift, and go to state 100
    MOD     shift, and go to state 101
    DIV     shift, and go to state 102
    STAR    shift, and go to state 103
    MINUS   shift, and go to state 104
    PLUS    shift, and go to state 105
    LSHIFT  shift, and go to state 107
    RSHIFT  shift, and go to state 108

    $default  reduce using rule 44 (Assignment)


State 83

   40 MethodInvocation: ID LPAR RPAR •

    $default  reduce using rule 40 (MethodInvocation)


State 84

   41 MethodInvocation: ID LPAR Expr • MethodInvocation2 RPAR
   46 Expr: Expr • PLUS Expr
   47     | Expr • MINUS Expr
   48     | Expr • STAR Expr
   49     | Expr • DIV Expr
   50     | Expr • MOD Expr
   51     | Expr • AND Expr
   52     | Expr • OR Expr
   53     | Expr • XOR Expr
   54     | Expr • LSHIFT Expr
   55     | Expr • RSHIFT Expr
   56     | Expr • EQ Expr
   57     | Expr • GE Expr
   58     | Expr • GT Expr
   59     | Expr • LE Expr
   60     | Expr • LT Expr
   61     | Expr • NE Expr

    EQ      shift, and go to state 92
    GE      shift, and go to state 93
    GT      shift, and go to state 94
    LT      shift, and go to state 95
    LE      shift, and go to state 96
    NE      shift, and go to state 97
    AND     shift, and go to state 98
    OR      shift, and go to state 99
    XOR     shift, and go to state 100
    MOD     shift, and go to state 101
    DIV     shift, and go to state 102
    STAR    shift, and go to state 103
    MINUS   shift, and go to state 104
    PLUS    shift, and go to state 105
    LSHIFT  shift, and go to state 107
    RSHIFT  shift, and go to state 108

    $default  reduce using rule 43 (MethodInvocation2)

    MethodInvocation2  go to state 116


State 85

   29 Statement: IF LPAR Expr • RPAR Statement ELSE Statement
   30          | IF LPAR Expr • RPAR Statement
   46 Expr: Expr • PLUS Expr
   47     | Expr • MINUS Expr
   48     | Expr • STAR Expr
   49     | Expr • DIV Expr
   50     | Expr • MOD Expr
   51     | Expr • AND Expr
   52     | Expr • OR Expr
   53     | Expr • XOR Expr
   54     | Expr • LSHIFT Expr
   55     | Expr • RSHIFT Expr
   56     | Expr • EQ Expr
   57     | Expr • GE Expr
   58     | Expr • GT Expr
   59     | Expr • LE Expr
   60     | Expr • LT Expr
   61     | Expr • NE Expr

    EQ      shift, and go to state 92
    GE      shift, and go to state 93
    GT      shift, and go to state 94
    LT      shift, and go to state 95
    LE      shift, and go to state 96
    NE      shift, and go to state 97
    AND     shift, and go to state 98
    OR      shift, and go to state 99
    XOR     shift, and go to state 100
    MOD     shift, and go to state 101
    DIV     shift, and go to state 102
    STAR    shift, and go to state 103
    MINUS   shift, and go to state 104
    PLUS    shift, and go to state 105
    RPAR    shift, and go to state 117
    LSHIFT  shift, and go to state 107
    RSHIFT  shift, and go to state 108


State 86

   31 Statement: WHILE LPAR Expr • RPAR Statement
   46 Expr: Expr • PLUS Expr
   47     | Expr • MINUS Expr
   48     | Expr • STAR Expr
   49     | Expr • DIV Expr
   50     | Expr • MOD Expr
   51     | Expr • AND Expr
   52     | Expr • OR Expr
   53     | Expr • XOR Expr
   54     | Expr • LSHIFT Expr
   55     | Expr • RSHIFT Expr
   56     | Expr • EQ Expr
   57     | Expr • GE Expr
   58     | Expr • GT Expr
   59     | Expr • LE Expr
   60     | Expr • LT Expr
   61     | Expr • NE Expr

    EQ      shift, and go to state 92
    GE      shift, and go to state 93
    GT      shift, and go to state 94
    LT      shift, and go to state 95
    LE      shift, and go to state 96
    NE      shift, and go to state 97
    AND     shift, and go to state 98
    OR      shift, and go to state 99
    XOR     shift, and go to state 100
    MOD     shift, and go to state 101
    DIV     shift, and go to state 102
    STAR    shift, and go to state 103
    MINUS   shift, and go to state 104
    PLUS    shift, and go to state 105
    RPAR    shift, and go to state 118
    LSHIFT  shift, and go to state 107
    RSHIFT  shift, and go to state 108


State 87

   69 Expr: ID DOTLENGTH •

    $default  reduce using rule 69 (Expr)


State 88

   46 Expr: Expr • PLUS Expr
   47     | Expr • MINUS Expr
   48     | Expr • STAR Expr
   49     | Expr • DIV Expr
   50     | Expr • MOD Expr
   51     | Expr • AND Expr
   52     | Expr • OR Expr
   53     | Expr • XOR Expr
   54     | Expr • LSHIFT Expr
   55     | Expr • RSHIFT Expr
   56     | Expr • EQ Expr
   57     | Expr • GE Expr
   58     | Expr • GT Expr
   59     | Expr • LE Expr
   60     | Expr • LT Expr
   61     | Expr • NE Expr
   63     | NOT Expr •

    $default  reduce using rule 63 (Expr)


State 89

   46 Expr: Expr • PLUS Expr
   47     | Expr • MINUS Expr
   48     | Expr • STAR Expr
   49     | Expr • DIV Expr
   50     | Expr • MOD Expr
   51     | Expr • AND Expr
   52     | Expr • OR Expr
   53     | Expr • XOR Expr
   54     | Expr • LSHIFT Expr
   55     | Expr • RSHIFT Expr
   56     | Expr • EQ Expr
   57     | Expr • GE Expr
   58     | Expr • GT Expr
   59     | Expr • LE Expr
   60     | Expr • LT Expr
   61     | Expr • NE Expr
   62     | MINUS Expr •

    MOD   shift, and go to state 101
    DIV   shift, and go to state 102
    STAR  shift, and go to state 103

    $default  reduce using rule 62 (Expr)


State 90

   46 Expr: Expr • PLUS Expr
   47     | Expr • MINUS Expr
   48     | Expr • STAR Expr
   49     | Expr • DIV Expr
   50     | Expr • MOD Expr
   51     | Expr • AND Expr
   52     | Expr • OR Expr
   53     | Expr • XOR Expr
   54     | Expr • LSHIFT Expr
   55     | Expr • RSHIFT Expr
   56     | Expr • EQ Expr
   57     | Expr • GE Expr
   58     | Expr • GT Expr
   59     | Expr • LE Expr
   60     | Expr • LT Expr
   61     | Expr • NE Expr
   64     | PLUS Expr •

    MOD   shift, and go to state 101
    DIV   shift, and go to state 102
    STAR  shift, and go to state 103

    $default  reduce using rule 64 (Expr)


State 91

   46 Expr: Expr • PLUS Expr
   47     | Expr • MINUS Expr
   48     | Expr • STAR Expr
   49     | Expr • DIV Expr
   50     | Expr • MOD Expr
   51     | Expr • AND Expr
   52     | Expr • OR Expr
   53     | Expr • XOR Expr
   54     | Expr • LSHIFT Expr
   55     | Expr • RSHIFT Expr
   56     | Expr • EQ Expr
   57     | Expr • GE Expr
   58     | Expr • GT Expr
   59     | Expr • LE Expr
   60     | Expr • LT Expr
   61     | Expr • NE Expr
   65     | LPAR Expr • RPAR

    EQ      shift, and go to state 92
    GE      shift, and go to state 93
    GT      shift, and go to state 94
    LT      shift, and go to state 95
    LE      shift, and go to state 96
    NE      shift, and go to state 97
    AND     shift, and go to state 98
    OR      shift, and go to state 99
    XOR     shift, and go to state 100
    MOD     shift, and go to state 101
    DIV     shift, and go to state 102
    STAR    shift, and go to state 103
    MINUS   shift, and go to state 104
    PLUS    shift, and go to state 105
    RPAR    shift, and go to state 119
    LSHIFT  shift, and go to state 107
    RSHIFT  shift, and go to state 108


State 92

   56 Expr: Expr EQ • Expr

    INTLIT    shift, and go to state 59
    REALLIT   shift, and go to state 60
    ID        shift, and go to state 61
    PARSEINT  shift, and go to state 40
    BOOLLIT   shift, and go to state 62
    NOT       shift, and go to state 63
    MINUS     shift, and go to state 64
    PLUS      shift, and go to state 65
    LPAR      shift, and go to state 66

    MethodInvocation  go to state 68
    Assignment        go to state 69
    ParseArgs         go to state 70
    Expr              go to state 120


State 93

   57 Expr: Expr GE • Expr

    INTLIT    shift, and go to state 59
    REALLIT   shift, and go to state 60
    ID        shift, and go to state 61
    PARSEINT  shift, and go to state 40
    BOOLLIT   shift, and go to state 62
    NOT       shift, and go to state 63
    MINUS     shift, and go to state 64
    PLUS      shift, and go to state 65
    LPAR      shift, and go to state 66

    MethodInvocation  go to state 68
    Assignment        go to state 69
    ParseArgs         go to state 70
    Expr              go to state 121


State 94

   58 Expr: Expr GT • Expr

    INTLIT    shift, and go to state 59
    REALLIT   shift, and go to state 60
    ID        shift, and go to state 61
    PARSEINT  shift, and go to state 40
    BOOLLIT   shift, and go to state 62
    NOT       shift, and go to state 63
    MINUS     shift, and go to state 64
    PLUS      shift, and go to state 65
    LPAR      shift, and go to state 66

    MethodInvocation  go to state 68
    Assignment        go to state 69
    ParseArgs         go to state 70
    Expr              go to state 122


State 95

   60 Expr: Expr LT • Expr

    INTLIT    shift, and go to state 59
    REALLIT   shift, and go to state 60
    ID        shift, and go to state 61
    PARSEINT  shift, and go to state 40
    BOOLLIT   shift, and go to state 62
    NOT       shift, and go to state 63
    MINUS     shift, and go to state 64
    PLUS      shift, and go to state 65
    LPAR      shift, and go to state 66

    MethodInvocation  go to state 68
    Assignment        go to state 69
    ParseArgs         go to state 70
    Expr              go to state 123


State 96

   59 Expr: Expr LE • Expr

    INTLIT    shift, and go to state 59
    REALLIT   shift, and go to state 60
    ID        shift, and go to state 61
    PARSEINT  shift, and go to state 40
    BOOLLIT   shift, and go to state 62
    NOT       shift, and go to state 63
    MINUS     shift, and go to state 64
    PLUS      shift, and go to state 65
    LPAR      shift, and go to state 66

    MethodInvocation  go to state 68
    Assignment        go to state 69
    ParseArgs         go to state 70
    Expr              go to state 124


State 97

   61 Expr: Expr NE • Expr

    INTLIT    shift, and go to state 59
    REALLIT   shift, and go to state 60
    ID        shift, and go to state 61
    PARSEINT  shift, and go to state 40
    BOOLLIT   shift, and go to state 62
    NOT       shift, and go to state 63
    MINUS     shift, and go to state 64
    PLUS      shift, and go to state 65
    LPAR      shift, and go to state 66

    MethodInvocation  go to state 68
    Assignment        go to state 69
    ParseArgs         go to state 70
    Expr              go to state 125


State 98

   51 Expr: Expr AND • Expr

    INTLIT    shift, and go to state 59
    REALLIT   shift, and go to state 60
    ID        shift, and go to state 61
    PARSEINT  shift, and go to state 40
    BOOLLIT   shift, and go to state 62
    NOT       shift, and go to state 63
    MINUS     shift, and go to state 64
    PLUS      shift, and go to state 65
    LPAR      shift, and go to state 66

    MethodInvocation  go to state 68
    Assignment        go to state 69
    ParseArgs         go to state 70
    Expr              go to state 126


State 99

   52 Expr: Expr OR • Expr

    INTLIT    shift, and go to state 59
    REALLIT   shift, and go to state 60
    ID        shift, and go to state 61
    PARSEINT  shift, and go to state 40
    BOOLLIT   shift, and go to state 62
    NOT       shift, and go to state 63
    MINUS     shift, and go to state 64
    PLUS      shift, and go to state 65
    LPAR      shift, and go to state 66

    MethodInvocation  go to state 68
    Assignment        go to state 69
    ParseArgs         go to state 70
    Expr              go to state 127


State 100

   53 Expr: Expr XOR • Expr

    INTLIT    shift, and go to state 59
    REALLIT   shift, and go to state 60
    ID        shift, and go to state 61
    PARSEINT  shift, and go to state 40
    BOOLLIT   shift, and go to state 62
    NOT       shift, and go to state 63
    MINUS     shift, and go to state 64
    PLUS      shift, and go to state 65
    LPAR      shift, and go to state 66

    MethodInvocation  go to state 68
    Assignment        go to state 69
    ParseArgs         go to state 70
    Expr              go to state 128


State 101

   50 Expr: Expr MOD • Expr

    INTLIT    shift, and go to state 59
    REALLIT   shift, and go to state 60
    ID        shift, and go to state 61
    PARSEINT  shift, and go to state 40
    BOOLLIT   shift, and go to state 62
    NOT       shift, and go to state 63
    MINUS     shift, and go to state 64
    PLUS      shift, and go to state 65
    LPAR      shift, and go to state 66

    MethodInvocation  go to state 68
    Assignment        go to state 69
    ParseArgs         go to state 70
    Expr              go to state 129


State 102

   49 Expr: Expr DIV • Expr

    INTLIT    shift, and go to state 59
    REALLIT   shift, and go to state 60
    ID        shift, and go to state 61
    PARSEINT  shift, and go to state 40
    BOOLLIT   shift, and go to state 62
    NOT       shift, and go to state 63
    MINUS     shift, and go to state 64
    PLUS      shift, and go to state 65
    LPAR      shift, and go to state 66

    MethodInvocation  go to state 68
    Assignment        go to state 69
    ParseArgs         go to state 70
    Expr              go to state 130


State 103

   48 Expr: Expr STAR • Expr

    INTLIT    shift, and go to state 59
    REALLIT   shift, and go to state 60
    ID        shift, and go to state 61
    PARSEINT  shift, and go to state 40
    BOOLLIT   shift, and go to state 62
    NOT       shift, and go to state 63
    MINUS     shift, and go to state 64
    PLUS      shift, and go to state 65
    LPAR      shift, and go to state 66

    MethodInvocation  go to state 68
    Assignment        go to state 69
    ParseArgs         go to state 70
    Expr              go to state 131


State 104

   47 Expr: Expr MINUS • Expr

    INTLIT    shift, and go to state 59
    REALLIT   shift, and go to state 60
    ID        shift, and go to state 61
    PARSEINT  shift, and go to state 40
    BOOLLIT   shift, and go to state 62
    NOT       shift, and go to state 63
    MINUS     shift, and go to state 64
    PLUS      shift, and go to state 65
    LPAR      shift, and go to state 66

    MethodInvocation  go to state 68
    Assignment        go to state 69
    ParseArgs         go to state 70
    Expr              go to state 132


State 105

   46 Expr: Expr PLUS • Expr

    INTLIT    shift, and go to state 59
    REALLIT   shift, and go to state 60
    ID        shift, and go to state 61
    PARSEINT  shift, and go to state 40
    BOOLLIT   shift, and go to state 62
    NOT       shift, and go to state 63
    MINUS     shift, and go to state 64
    PLUS      shift, and go to state 65
    LPAR      shift, and go to state 66

    MethodInvocation  go to state 68
    Assignment        go to state 69
    ParseArgs         go to state 70
    Expr              go to state 133


State 106

   32 Statement: RETURN Expr SEMICOLON •

    $default  reduce using rule 32 (Statement)


State 107

   54 Expr: Expr LSHIFT • Expr

    INTLIT    shift, and go to state 59
    REALLIT   shift, and go to state 60
    ID        shift, and go to state 61
    PARSEINT  shift, and go to state 40
    BOOLLIT   shift, and go to state 62
    NOT       shift, and go to state 63
    MINUS     shift, and go to state 64
    PLUS      shift, and go to state 65
    LPAR      shift, and go to state 66

    MethodInvocation  go to state 68
    Assignment        go to state 69
    ParseArgs         go to state 70
    Expr              go to state 134


State 108

   55 Expr: Expr RSHIFT • Expr

    INTLIT    shift, and go to state 59
    REALLIT   shift, and go to state 60
    ID        shift, and go to state 61
    PARSEINT  shift, and go to state 40
    BOOLLIT   shift, and go to state 62
    NOT       shift, and go to state 63
    MINUS     shift, and go to state 64
    PLUS      shift, and go to state 65
    LPAR      shift, and go to state 66

    MethodInvocation  go to state 68
    Assignment        go to state 69
    ParseArgs         go to state 70
    Expr              go to state 135


State 109

   39 Statement: PRINT LPAR STRLIT • RPAR SEMICOLON

    RPAR  shift, and go to state 136


State 110

   38 Statement: PRINT LPAR Expr • RPAR SEMICOLON
   46 Expr: Expr • PLUS Expr
   47     | Expr • MINUS Expr
   48     | Expr • STAR Expr
   49     | Expr • DIV Expr
   50     | Expr • MOD Expr
   51     | Expr • AND Expr
   52     | Expr • OR Expr
   53     | Expr • XOR Expr
   54     | Expr • LSHIFT Expr
   55     | Expr • RSHIFT Expr
   56     | Expr • EQ Expr
   57     | Expr • GE Expr
   58     | Expr • GT Expr
   59     | Expr • LE Expr
   60     | Expr • LT Expr
   61     | Expr • NE Expr

    EQ      shift, and go to state 92
    GE      shift, and go to state 93
    GT      shift, and go to state 94
    LT      shift, and go to state 95
    LE      shift, and go to state 96
    NE      shift, and go to state 97
    AND     shift, and go to state 98
    OR      shift, and go to state 99
    XOR     shift, and go to state 100
    MOD     shift, and go to state 101
    DIV     shift, and go to state 102
    STAR    shift, and go to state 103
    MINUS   shift, and go to state 104
    PLUS    shift, and go to state 105
    RPAR    shift, and go to state 137
    LSHIFT  shift, and go to state 107
    RSHIFT  shift, and go to state 108


State 111

   45 ParseArgs: PARSEINT LPAR ID • LSQ Expr RSQ RPAR

    LSQ  shift, and go to state 138


State 112

   28 Statement: LBRACE Statement RBRACE •

    $default  reduce using rule 28 (Statement)


State 113

   25 VarDecl: Type ID VarDecl2 • SEMICOLON
   26 VarDecl2: VarDecl2 • COMMA ID

    COMMA      shift, and go to state 139
    SEMICOLON  shift, and go to state 140


State 114

   18 FormalParams: STRING LSQ RSQ ID •

    $default  reduce using rule 18 (FormalParams)


State 115

   19 FormalParams2: COMMA Type • ID FormalParams2

    ID  shift, and go to state 141


State 116

   41 MethodInvocation: ID LPAR Expr MethodInvocation2 • RPAR
   42 MethodInvocation2: MethodInvocation2 • COMMA Expr

    COMMA  shift, and go to state 142
    RPAR   shift, and go to state 143


State 117

   29 Statement: IF LPAR Expr RPAR • Statement ELSE Statement
   30          | IF LPAR Expr RPAR • Statement

    ID         shift, and go to state 35
    IF         shift, and go to state 36
    WHILE      shift, and go to state 37
    RETURN     shift, and go to state 38
    PRINT      shift, and go to state 39
    PARSEINT   shift, and go to state 40
    LBRACE     shift, and go to state 41
    SEMICOLON  shift, and go to state 43

    Statement         go to state 144
    MethodInvocation  go to state 47
    Assignment        go to state 48
    ParseArgs         go to state 49


State 118

   31 Statement: WHILE LPAR Expr RPAR • Statement

    ID         shift, and go to state 35
    IF         shift, and go to state 36
    WHILE      shift, and go to state 37
    RETURN     shift, and go to state 38
    PRINT      shift, and go to state 39
    PARSEINT   shift, and go to state 40
    LBRACE     shift, and go to state 41
    SEMICOLON  shift, and go to state 43

    Statement         go to state 145
    MethodInvocation  go to state 47
    Assignment        go to state 48
    ParseArgs         go to state 49


State 119

   65 Expr: LPAR Expr RPAR •

    $default  reduce using rule 65 (Expr)


State 120

   46 Expr: Expr • PLUS Expr
   47     | Expr • MINUS Expr
   48     | Expr • STAR Expr
   49     | Expr • DIV Expr
   50     | Expr • MOD Expr
   51     | Expr • AND Expr
   52     | Expr • OR Expr
   53     | Expr • XOR Expr
   54     | Expr • LSHIFT Expr
   55     | Expr • RSHIFT Expr
   56     | Expr • EQ Expr
   56     | Expr EQ Expr •
   57     | Expr • GE Expr
   58     | Expr • GT Expr
   59     | Expr • LE Expr
   60     | Expr • LT Expr
   61     | Expr • NE Expr

    GE      shift, and go to state 93
    GT      shift, and go to state 94
    LT      shift, and go to state 95
    LE      shift, and go to state 96
    MOD     shift, and go to state 101
    DIV     shift, and go to state 102
    STAR    shift, and go to state 103
    MINUS   shift, and go to state 104
    PLUS    shift, and go to state 105
    LSHIFT  shift, and go to state 107
    RSHIFT  shift, and go to state 108

    $default  reduce using rule 56 (Expr)


State 121

   46 Expr: Expr • PLUS Expr
   47     | Expr • MINUS Expr
   48     | Expr • STAR Expr
   49     | Expr • DIV Expr
   50     | Expr • MOD Expr
   51     | Expr • AND Expr
   52     | Expr • OR Expr
   53     | Expr • XOR Expr
   54     | Expr • LSHIFT Expr
   55     | Expr • RSHIFT Expr
   56     | Expr • EQ Expr
   57     | Expr • GE Expr
   57     | Expr GE Expr •
   58     | Expr • GT Expr
   59     | Expr • LE Expr
   60     | Expr • LT Expr
   61     | Expr • NE Expr

    MOD     shift, and go to state 101
    DIV     shift, and go to state 102
    STAR    shift, and go to state 103
    MINUS   shift, and go to state 104
    PLUS    shift, and go to state 105
    LSHIFT  shift, and go to state 107
    RSHIFT  shift, and go to state 108

    $default  reduce using rule 57 (Expr)


State 122

   46 Expr: Expr • PLUS Expr
   47     | Expr • MINUS Expr
   48     | Expr • STAR Expr
   49     | Expr • DIV Expr
   50     | Expr • MOD Expr
   51     | Expr • AND Expr
   52     | Expr • OR Expr
   53     | Expr • XOR Expr
   54     | Expr • LSHIFT Expr
   55     | Expr • RSHIFT Expr
   56     | Expr • EQ Expr
   57     | Expr • GE Expr
   58     | Expr • GT Expr
   58     | Expr GT Expr •
   59     | Expr • LE Expr
   60     | Expr • LT Expr
   61     | Expr • NE Expr

    MOD     shift, and go to state 101
    DIV     shift, and go to state 102
    STAR    shift, and go to state 103
    MINUS   shift, and go to state 104
    PLUS    shift, and go to state 105
    LSHIFT  shift, and go to state 107
    RSHIFT  shift, and go to state 108

    $default  reduce using rule 58 (Expr)


State 123

   46 Expr: Expr • PLUS Expr
   47     | Expr • MINUS Expr
   48     | Expr • STAR Expr
   49     | Expr • DIV Expr
   50     | Expr • MOD Expr
   51     | Expr • AND Expr
   52     | Expr • OR Expr
   53     | Expr • XOR Expr
   54     | Expr • LSHIFT Expr
   55     | Expr • RSHIFT Expr
   56     | Expr • EQ Expr
   57     | Expr • GE Expr
   58     | Expr • GT Expr
   59     | Expr • LE Expr
   60     | Expr • LT Expr
   60     | Expr LT Expr •
   61     | Expr • NE Expr

    MOD     shift, and go to state 101
    DIV     shift, and go to state 102
    STAR    shift, and go to state 103
    MINUS   shift, and go to state 104
    PLUS    shift, and go to state 105
    LSHIFT  shift, and go to state 107
    RSHIFT  shift, and go to state 108

    $default  reduce using rule 60 (Expr)


State 124

   46 Expr: Expr • PLUS Expr
   47     | Expr • MINUS Expr
   48     | Expr • STAR Expr
   49     | Expr • DIV Expr
   50     | Expr • MOD Expr
   51     | Expr • AND Expr
   52     | Expr • OR Expr
   53     | Expr • XOR Expr
   54     | Expr • LSHIFT Expr
   55     | Expr • RSHIFT Expr
   56     | Expr • EQ Expr
   57     | Expr • GE Expr
   58     | Expr • GT Expr
   59     | Expr • LE Expr
   59     | Expr LE Expr •
   60     | Expr • LT Expr
   61     | Expr • NE Expr

    MOD     shift, and go to state 101
    DIV     shift, and go to state 102
    STAR    shift, and go to state 103
    MINUS   shift, and go to state 104
    PLUS    shift, and go to state 105
    LSHIFT  shift, and go to state 107
    RSHIFT  shift, and go to state 108

    $default  reduce using rule 59 (Expr)


State 125

   46 Expr: Expr • PLUS Expr
   47     | Expr • MINUS Expr
   48     | Expr • STAR Expr
   49     | Expr • DIV Expr
   50     | Expr • MOD Expr
   51     | Expr • AND Expr
   52     | Expr • OR Expr
   53     | Expr • XOR Expr
   54     | Expr • LSHIFT Expr
   55     | Expr • RSHIFT Expr
   56     | Expr • EQ Expr
   57     | Expr • GE Expr
   58     | Expr • GT Expr
   59     | Expr • LE Expr
   60     | Expr • LT Expr
   61     | Expr • NE Expr
   61     | Expr NE Expr •

    GE      shift, and go to state 93
    GT      shift, and go to state 94
    LT      shift, and go to state 95
    LE      shift, and go to state 96
    MOD     shift, and go to state 101
    DIV     shift, and go to state 102
    STAR    shift, and go to state 103
    MINUS   shift, and go to state 104
    PLUS    shift, and go to state 105
    LSHIFT  shift, and go to state 107
    RSHIFT  shift, and go to state 108

    $default  reduce using rule 61 (Expr)


State 126

   46 Expr: Expr • PLUS Expr
   47     | Expr • MINUS Expr
   48     | Expr • STAR Expr
   49     | Expr • DIV Expr
   50     | Expr • MOD Expr
   51     | Expr • AND Expr
   51     | Expr AND Expr •
   52     | Expr • OR Expr
   53     | Expr • XOR Expr
   54     | Expr • LSHIFT Expr
   55     | Expr • RSHIFT Expr
   56     | Expr • EQ Expr
   57     | Expr • GE Expr
   58     | Expr • GT Expr
   59     | Expr • LE Expr
   60     | Expr • LT Expr
   61     | Expr • NE Expr

    EQ      shift, and go to state 92
    GE      shift, and go to state 93
    GT      shift, and go to state 94
    LT      shift, and go to state 95
    LE      shift, and go to state 96
    NE      shift, and go to state 97
    XOR     shift, and go to state 100
    MOD     shift, and go to state 101
    DIV     shift, and go to state 102
    STAR    shift, and go to state 103
    MINUS   shift, and go to state 104
    PLUS    shift, and go to state 105
    LSHIFT  shift, and go to state 107
    RSHIFT  shift, and go to state 108

    $default  reduce using rule 51 (Expr)


State 127

   46 Expr: Expr • PLUS Expr
   47     | Expr • MINUS Expr
   48     | Expr • STAR Expr
   49     | Expr • DIV Expr
   50     | Expr • MOD Expr
   51     | Expr • AND Expr
   52     | Expr • OR Expr
   52     | Expr OR Expr •
   53     | Expr • XOR Expr
   54     | Expr • LSHIFT Expr
   55     | Expr • RSHIFT Expr
   56     | Expr • EQ Expr
   57     | Expr • GE Expr
   58     | Expr • GT Expr
   59     | Expr • LE Expr
   60     | Expr • LT Expr
   61     | Expr • NE Expr

    EQ      shift, and go to state 92
    GE      shift, and go to state 93
    GT      shift, and go to state 94
    LT      shift, and go to state 95
    LE      shift, and go to state 96
    NE      shift, and go to state 97
    AND     shift, and go to state 98
    XOR     shift, and go to state 100
    MOD     shift, and go to state 101
    DIV     shift, and go to state 102
    STAR    shift, and go to state 103
    MINUS   shift, and go to state 104
    PLUS    shift, and go to state 105
    LSHIFT  shift, and go to state 107
    RSHIFT  shift, and go to state 108

    $default  reduce using rule 52 (Expr)


State 128

   46 Expr: Expr • PLUS Expr
   47     | Expr • MINUS Expr
   48     | Expr • STAR Expr
   49     | Expr • DIV Expr
   50     | Expr • MOD Expr
   51     | Expr • AND Expr
   52     | Expr • OR Expr
   53     | Expr • XOR Expr
   53     | Expr XOR Expr •
   54     | Expr • LSHIFT Expr
   55     | Expr • RSHIFT Expr
   56     | Expr • EQ Expr
   57     | Expr • GE Expr
   58     | Expr • GT Expr
   59     | Expr • LE Expr
   60     | Expr • LT Expr
   61     | Expr • NE Expr

    EQ      shift, and go to state 92
    GE      shift, and go to state 93
    GT      shift, and go to state 94
    LT      shift, and go to state 95
    LE      shift, and go to state 96
    NE      shift, and go to state 97
    MOD     shift, and go to state 101
    DIV     shift, and go to state 102
    STAR    shift, and go to state 103
    MINUS   shift, and go to state 104
    PLUS    shift, and go to state 105
    LSHIFT  shift, and go to state 107
    RSHIFT  shift, and go to state 108

    $default  reduce using rule 53 (Expr)


State 129

   46 Expr: Expr • PLUS Expr
   47     | Expr • MINUS Expr
   48     | Expr • STAR Expr
   49     | Expr • DIV Expr
   50     | Expr • MOD Expr
   50     | Expr MOD Expr •
   51     | Expr • AND Expr
   52     | Expr • OR Expr
   53     | Expr • XOR Expr
   54     | Expr • LSHIFT Expr
   55     | Expr • RSHIFT Expr
   56     | Expr • EQ Expr
   57     | Expr • GE Expr
   58     | Expr • GT Expr
   59     | Expr • LE Expr
   60     | Expr • LT Expr
   61     | Expr • NE Expr

    $default  reduce using rule 50 (Expr)


State 130

   46 Expr: Expr • PLUS Expr
   47     | Expr • MINUS Expr
   48     | Expr • STAR Expr
   49     | Expr • DIV Expr
   49     | Expr DIV Expr •
   50     | Expr • MOD Expr
   51     | Expr • AND Expr
   52     | Expr • OR Expr
   53     | Expr • XOR Expr
   54     | Expr • LSHIFT Expr
   55     | Expr • RSHIFT Expr
   56     | Expr • EQ Expr
   57     | Expr • GE Expr
   58     | Expr • GT Expr
   59     | Expr • LE Expr
   60     | Expr • LT Expr
   61     | Expr • NE Expr

    $default  reduce using rule 49 (Expr)


State 131

   46 Expr: Expr • PLUS Expr
   47     | Expr • MINUS Expr
   48     | Expr • STAR Expr
   48     | Expr STAR Expr •
   49     | Expr • DIV Expr
   50     | Expr • MOD Expr
   51     | Expr • AND Expr
   52     | Expr • OR Expr
   53     | Expr • XOR Expr
   54     | Expr • LSHIFT Expr
   55     | Expr • RSHIFT Expr
   56     | Expr • EQ Expr
   57     | Expr • GE Expr
   58     | Expr • GT Expr
   59     | Expr • LE Expr
   60     | Expr • LT Expr
   61     | Expr • NE Expr

    $default  reduce using rule 48 (Expr)


State 132

   46 Expr: Expr • PLUS Expr
   47     | Expr • MINUS Expr
   47     | Expr MINUS Expr •
   48     | Expr • STAR Expr
   49     | Expr • DIV Expr
   50     | Expr • MOD Expr
   51     | Expr • AND Expr
   52     | Expr • OR Expr
   53     | Expr • XOR Expr
   54     | Expr • LSHIFT Expr
   55     | Expr • RSHIFT Expr
   56     | Expr • EQ Expr
   57     | Expr • GE Expr
   58     | Expr • GT Expr
   59     | Expr • LE Expr
   60     | Expr • LT Expr
   61     | Expr • NE Expr

    MOD   shift, and go to state 101
    DIV   shift, and go to state 102
    STAR  shift, and go to state 103

    $default  reduce using rule 47 (Expr)


State 133

   46 Expr: Expr • PLUS Expr
   46     | Expr PLUS Expr •
   47     | Expr • MINUS Expr
   48     | Expr • STAR Expr
   49     | Expr • DIV Expr
   50     | Expr • MOD Expr
   51     | Expr • AND Expr
   52     | Expr • OR Expr
   53     | Expr • XOR Expr
   54     | Expr • LSHIFT Expr
   55     | Expr • RSHIFT Expr
   56     | Expr • EQ Expr
   57     | Expr • GE Expr
   58     | Expr • GT Expr
   59     | Expr • LE Expr
   60     | Expr • LT Expr
   61     | Expr • NE Expr

    MOD   shift, and go to state 101
    DIV   shift, and go to state 102
    STAR  shift, and go to state 103

    $default  reduce using rule 46 (Expr)


State 134

   46 Expr: Expr • PLUS Expr
   47     | Expr • MINUS Expr
   48     | Expr • STAR Expr
   49     | Expr • DIV Expr
   50     | Expr • MOD Expr
   51     | Expr • AND Expr
   52     | Expr • OR Expr
   53     | Expr • XOR Expr
   54     | Expr • LSHIFT Expr
   54     | Expr LSHIFT Expr •
   55     | Expr • RSHIFT Expr
   56     | Expr • EQ Expr
   57     | Expr • GE Expr
   58     | Expr • GT Expr
   59     | Expr • LE Expr
   60     | Expr • LT Expr
   61     | Expr • NE Expr

    MOD    shift, and go to state 101
    DIV    shift, and go to state 102
    STAR   shift, and go to state 103
    MINUS  shift, and go to state 104
    PLUS   shift, and go to state 105

    $default  reduce using rule 54 (Expr)


State 135

   46 Expr: Expr • PLUS Expr
   47     | Expr • MINUS Expr
   48     | Expr • STAR Expr
   49     | Expr • DIV Expr
   50     | Expr • MOD Expr
   51     | Expr • AND Expr
   52     | Expr • OR Expr
   53     | Expr • XOR Expr
   54     | Expr • LSHIFT Expr
   55     | Expr • RSHIFT Expr
   55     | Expr RSHIFT Expr •
   56     | Expr • EQ Expr
   57     | Expr • GE Expr
   58     | Expr • GT Expr
   59     | Expr • LE Expr
   60     | Expr • LT Expr
   61     | Expr • NE Expr

    MOD    shift, and go to state 101
    DIV    shift, and go to state 102
    STAR   shift, and go to state 103
    MINUS  shift, and go to state 104
    PLUS   shift, and go to state 105

    $default  reduce using rule 55 (Expr)


State 136

   39 Statement: PRINT LPAR STRLIT RPAR • SEMICOLON

    SEMICOLON  shift, and go to state 146


State 137

   38 Statement: PRINT LPAR Expr RPAR • SEMICOLON

    SEMICOLON  shift, and go to state 147


State 138

   45 ParseArgs: PARSEINT LPAR ID LSQ • Expr RSQ RPAR

    INTLIT    shift, and go to state 59
    REALLIT   shift, and go to state 60
    ID        shift, and go to state 61
    PARSEINT  shift, and go to state 40
    BOOLLIT   shift, and go to state 62
    NOT       shift, and go to state 63
    MINUS     shift, and go to state 64
    PLUS      shift, and go to state 65
    LPAR      shift, and go to state 66

    MethodInvocation  go to state 68
    Assignment        go to state 69
    ParseArgs         go to state 70
    Expr              go to state 148


State 139

   26 VarDecl2: VarDecl2 COMMA • ID

    ID  shift, and go to state 149


State 140

   25 VarDecl: Type ID VarDecl2 SEMICOLON •

    $default  reduce using rule 25 (VarDecl)


State 141

   19 FormalParams2: COMMA Type ID • FormalParams2

    COMMA  shift, and go to state 80

    $default  reduce using rule 20 (FormalParams2)

    FormalParams2  go to state 150


State 142

   42 MethodInvocation2: MethodInvocation2 COMMA • Expr

    INTLIT    shift, and go to state 59
    REALLIT   shift, and go to state 60
    ID        shift, and go to state 61
    PARSEINT  shift, and go to state 40
    BOOLLIT   shift, and go to state 62
    NOT       shift, and go to state 63
    MINUS     shift, and go to state 64
    PLUS      shift, and go to state 65
    LPAR      shift, and go to state 66

    MethodInvocation  go to state 68
    Assignment        go to state 69
    ParseArgs         go to state 70
    Expr              go to state 151


State 143

   41 MethodInvocation: ID LPAR Expr MethodInvocation2 RPAR •

    $default  reduce using rule 41 (MethodInvocation)


State 144

   29 Statement: IF LPAR Expr RPAR Statement • ELSE Statement
   30          | IF LPAR Expr RPAR Statement •

    ELSE  shift, and go to state 152

    $default  reduce using rule 30 (Statement)


State 145

   31 Statement: WHILE LPAR Expr RPAR Statement •

    $default  reduce using rule 31 (Statement)


State 146

   39 Statement: PRINT LPAR STRLIT RPAR SEMICOLON •

    $default  reduce using rule 39 (Statement)


State 147

   38 Statement: PRINT LPAR Expr RPAR SEMICOLON •

    $default  reduce using rule 38 (Statement)


State 148

   45 ParseArgs: PARSEINT LPAR ID LSQ Expr • RSQ RPAR
   46 Expr: Expr • PLUS Expr
   47     | Expr • MINUS Expr
   48     | Expr • STAR Expr
   49     | Expr • DIV Expr
   50     | Expr • MOD Expr
   51     | Expr • AND Expr
   52     | Expr • OR Expr
   53     | Expr • XOR Expr
   54     | Expr • LSHIFT Expr
   55     | Expr • RSHIFT Expr
   56     | Expr • EQ Expr
   57     | Expr • GE Expr
   58     | Expr • GT Expr
   59     | Expr • LE Expr
   60     | Expr • LT Expr
   61     | Expr • NE Expr

    EQ      shift, and go to state 92
    GE      shift, and go to state 93
    GT      shift, and go to state 94
    LT      shift, and go to state 95
    LE      shift, and go to state 96
    NE      shift, and go to state 97
    AND     shift, and go to state 98
    OR      shift, and go to state 99
    XOR     shift, and go to state 100
    MOD     shift, and go to state 101
    DIV     shift, and go to state 102
    STAR    shift, and go to state 103
    MINUS   shift, and go to state 104
    PLUS    shift, and go to state 105
    RSQ     shift, and go to state 153
    LSHIFT  shift, and go to state 107
    RSHIFT  shift, and go to state 108


State 149

   26 VarDecl2: VarDecl2 COMMA ID •

    $default  reduce using rule 26 (VarDecl2)


State 150

   19 FormalParams2: COMMA Type ID FormalParams2 •

    $default  reduce using rule 19 (FormalParams2)


State 151

   42 MethodInvocation2: MethodInvocation2 COMMA Expr •
   46 Expr: Expr • PLUS Expr
   47     | Expr • MINUS Expr
   48     | Expr • STAR Expr
   49     | Expr • DIV Expr
   50     | Expr • MOD Expr
   51     | Expr • AND Expr
   52     | Expr • OR Expr
   53     | Expr • XOR Expr
   54     | Expr • LSHIFT Expr
   55     | Expr • RSHIFT Expr
   56     | Expr • EQ Expr
   57     | Expr • GE Expr
   58     | Expr • GT Expr
   59     | Expr • LE Expr
   60     | Expr • LT Expr
   61     | Expr • NE Expr

    EQ      shift, and go to state 92
    GE      shift, and go to state 93
    GT      shift, and go to state 94
    LT      shift, and go to state 95
    LE      shift, and go to state 96
    NE      shift, and go to state 97
    AND     shift, and go to state 98
    OR      shift, and go to state 99
    XOR     shift, and go to state 100
    MOD     shift, and go to state 101
    DIV     shift, and go to state 102
    STAR    shift, and go to state 103
    MINUS   shift, and go to state 104
    PLUS    shift, and go to state 105
    LSHIFT  shift, and go to state 107
    RSHIFT  shift, and go to state 108

    $default  reduce using rule 42 (MethodInvocation2)


State 152

   29 Statement: IF LPAR Expr RPAR Statement ELSE • Statement

    ID         shift, and go to state 35
    IF         shift, and go to state 36
    WHILE      shift, and go to state 37
    RETURN     shift, and go to state 38
    PRINT      shift, and go to state 39
    PARSEINT   shift, and go to state 40
    LBRACE     shift, and go to state 41
    SEMICOLON  shift, and go to state 43

    Statement         go to state 154
    MethodInvocation  go to state 47
    Assignment        go to state 48
    ParseArgs         go to state 49


State 153

   45 ParseArgs: PARSEINT LPAR ID LSQ Expr RSQ • RPAR

    RPAR  shift, and go to state 155


State 154

   29 Statement: IF LPAR Expr RPAR Statement ELSE Statement •

    $default  reduce using rule 29 (Statement)


State 155

   45 ParseArgs: PARSEINT LPAR ID LSQ Expr RSQ RPAR •

    $default  reduce using rule 45 (ParseArgs)
